Arguments: 
  C:\Program Files\nodejs\node.exe C:\Program Files (x86)\Yarn\bin\yarn.js

PATH: 
  C:\Users\klari\Desktop\PB\node_modules\.bin;C:\Users\klari\AppData\Local\Programs\Python\Python38\Scripts\;C:\Users\klari\AppData\Local\Programs\Python\Python38;C:\ProgramData\Boxstarter;C:\Program Files (x86)\Intel\iCLS Client\;C:\Program Files\Intel\iCLS Client\;C:\windows\system32;C:\windows;C:\windows\System32\Wbem;C:\windows\System32\WindowsPowerShell\v1.0\;C:\Program Files (x86)\NVIDIA Corporation\PhysX\Common;C:\Program Files (x86)\Intel\Intel(R) Management Engine Components\DAL;C:\Program Files\Intel\Intel(R) Management Engine Components\DAL;C:\Program Files (x86)\Intel\Intel(R) Management Engine Components\IPT;C:\Program Files\Intel\Intel(R) Management Engine Components\IPT;C:\Program Files\Intel\WiFi\bin\;C:\Program Files\Common Files\Intel\WirelessCommon\;C:\WINDOWS\system32;C:\WINDOWS;C:\WINDOWS\System32\Wbem;C:\WINDOWS\System32\WindowsPowerShell\v1.0\;C:\WINDOWS\System32\OpenSSH\;C:\ProgramData\chocolatey\bin;C:\WINDOWS\system32;C:\WINDOWS;C:\WINDOWS\System32\Wbem;C:\WINDOWS\System32\WindowsPowerShell\v1.0\;C:\WINDOWS\System32\OpenSSH\;C:\Users\klari\AppData\Local\Android\Sdk\platform-tools;C:\Program Files (x86)\Yarn\bin\;C:\bin;C:\Program Files\nodejs\;C:\Program Files\Java\jdk1.8.0_211\bin;C:\Users\klari\AppData\Local\Android\Sdk\emulator;C:\Users\klari\AppData\Local\Android\Sdk\tools;C:\Users\klari\AppData\Local\Android\Sdk\tools\bin;C:\Users\klari\AppData\Local\Android\Sdk\platform-tools;C:\Program Files\dotnet\;C:\Program Files\Microsoft SQL Server\130\Tools\Binn\;C:\Program Files\Microsoft SQL Server\Client SDK\ODBC\170\Tools\Binn\;C:\Program Files\Git\bin;C:\Users\klari\AppData\Local\Programs\Python\Python38\Scripts\;C:\Users\klari\AppData\Local\Programs\Python\Python38\;C:\Users\klari\AppData\Local\Microsoft\WindowsApps;C:\Users\klari\AppData\Local\Microsoft\WindowsApps;C:\Users\klari\AppData\Local\Android\Sdk\platform-tools;C:\Users\klari\AppData\Local\Yarn\bin;C:\bin;C:\Users\klari\AppData\Roaming\npm;C:\Program Files\Java\jdk1.8.0_211;C:\Users\klari\.dotnet\tools;C:\Program Files\JetBrains\WebStorm 2020.2.3\bin;;C:\Users\klari\AppData\Local\Programs\Microsoft VS Code\bin

Yarn version: 
  1.21.1

Node version: 
  12.17.0

Platform: 
  win32 x64

Trace: 
  SyntaxError: C:\Users\klari\Desktop\PB\package.json: Unexpected token } in JSON at position 132
      at JSON.parse (<anonymous>)
      at C:\Program Files (x86)\Yarn\lib\cli.js:1625:59
      at Generator.next (<anonymous>)
      at step (C:\Program Files (x86)\Yarn\lib\cli.js:310:30)
      at C:\Program Files (x86)\Yarn\lib\cli.js:321:13

npm manifest: 
  {
    "name": "PB",
    "version": "1.0.0",
    "main": "index.js",
    "license": "MIT",
    "dependencies": {
      "dijkstrajs": "^1.0.2",
    },
    "type": "module"
  }

yarn manifest: 
  No manifest

Lockfile: 
  # THIS IS AN AUTOGENERATED FILE. DO NOT EDIT THIS FILE DIRECTLY.
  # yarn lockfile v1
  
  
  dijkstrajs@^1.0.2:
    version "1.0.2"
    resolved "https://registry.yarnpkg.com/dijkstrajs/-/dijkstrajs-1.0.2.tgz#2e48c0d3b825462afe75ab4ad5e829c8ece36257"
    integrity sha512-QV6PMaHTCNmKSeP6QoXhVTw9snc9VD8MulTT0Bd99Pacp4SS1cjcrYPgBPmibqKVtMJJfqC6XvOXgPMEEPH/fg==
  
  kaboom@^2000.0.0:
    version "2000.0.0"
    resolved "https://registry.yarnpkg.com/kaboom/-/kaboom-2000.0.0.tgz#8d3438b73f1f0da5c2ff401ef32c1bb67dc46b9f"
    integrity sha512-TQj7VwOwkhmg01MwEWIC9paNuivC/bioKT3NI9rKW16TAol9Q/ynXMoWS59pRACech08wVspBnD7odLnropufQ==
